<?xml version="1.0" encoding="UTF-8"?>
<!-- Generated by org.testng.reporters.JUnitXMLReporter -->
<testsuite ignored="0" hostname="SM-Corporation" failures="0" tests="5" name="SampleCheck" time="0.765" errors="0" timestamp="14 Oct 2018 14:51:05 GMT">
  <testcase classname="demo.api.test.dataProvDemo" name="APiTest" time="0.014"/>
  <testcase classname="demo.api.test.dataProvDemo" name="APiTest" time="0.008"/>
  <testcase classname="demo.api.test.dataProvDemo" name="APiTest" time="0.006"/>
  <testcase classname="demo.api.test.dataProvDemo" name="ApiPostRequest" time="0.003"/>
  <testcase classname="demo.api.test.dataProvDemo" name="ApiPostRequest" time="0.009"/>
</testsuite> <!-- SampleCheck -->
