<?xml version="1.0" encoding="UTF-8"?>
<!-- Generated by org.testng.reporters.JUnitXMLReporter -->
<testsuite ignored="0" hostname="SM-Corporation" failures="0" tests="3" name="Default test" time="0.178" errors="0" timestamp="13 Oct 2018 18:43:21 GMT">
  <testcase classname="set.fusion.api.test.apitest" name="APiTest" time="0.012"/>
  <testcase classname="set.fusion.api.test.apitest" name="APiTest" time="0.004"/>
  <testcase classname="set.fusion.api.test.apitest" name="APiTest" time="0.01"/>
</testsuite> <!-- Default test -->
