<?xml version="1.0" encoding="UTF-8"?>
<!-- Generated by org.testng.reporters.JUnitXMLReporter -->
<testsuite hostname="SM-Corporation" ignored="6" name="ApiTests" tests="4" failures="0" timestamp="01 Nov 2018 17:08:16 GMT" time="8.344" errors="0">
  <testcase name="createEmployees" time="4.151" classname="dummy.restapi.test.EmployeeApiTests"/>
  <testcase name="createArrayRequestBody" time="0.886" classname="dummy.restapi.test.EmployeeApiTests"/>
  <testcase name="createEmployees" time="2.209" classname="dummy.restapi.test.EmployeeApiTests2"/>
  <testcase name="createArrayRequestBody" time="0.934" classname="dummy.restapi.test.EmployeeApiTests2"/>
  <testcase name="patchJsonTest" time="0.0" classname="dummy.restapi.test.EmployeeApiTests">
    <ignored/>
  </testcase> <!-- patchJsonTest -->
  <testcase name="@AfterSuite EndSuite" time="0.0" classname="aut.framework.common.BaseAPITest">
    <ignored/>
  </testcase> <!-- @AfterSuite EndSuite -->
  <testcase name="@BeforeSuite StartSuite" time="0.0" classname="aut.framework.common.BaseAPITest">
    <ignored/>
  </testcase> <!-- @BeforeSuite StartSuite -->
  <testcase name="createJsonArrayRequestBody" time="0.0" classname="dummy.restapi.test.EmployeeApiTests2">
    <ignored/>
  </testcase> <!-- createJsonArrayRequestBody -->
  <testcase name="createJsonArrayRequestBody" time="0.0" classname="dummy.restapi.test.EmployeeApiTests">
    <ignored/>
  </testcase> <!-- createJsonArrayRequestBody -->
  <testcase name="patchJsonTest" time="0.0" classname="dummy.restapi.test.EmployeeApiTests2">
    <ignored/>
  </testcase> <!-- patchJsonTest -->
</testsuite> <!-- ApiTests -->
