<?xml version="1.0" encoding="UTF-8"?>
<!-- Generated by org.testng.reporters.JUnitXMLReporter -->
<testsuite hostname="SM-Corporation" ignored="2" name="ApiTests" tests="8" failures="2" timestamp="07 Nov 2018 08:44:30 GMT" time="9.336" errors="0">
  <testcase name="createEmployees" time="4.174" classname="dummy.restapi.test.EmployeeApi"/>
  <testcase name="createArrayRequestBody" time="0.84" classname="dummy.restapi.test.EmployeeApi">
    <failure type="com.jayway.jsonpath.PathNotFoundException" message="Expected to find an object with property [&amp;apos;id&amp;apos;] in path $ but found &amp;apos;java.lang.Boolean&amp;apos;. This is not a json object according to the JsonProvider: &amp;apos;com.jayway.jsonpath.spi.json.JsonSmartJsonProvider&amp;apos;.">
      <![CDATA[com.jayway.jsonpath.PathNotFoundException: Expected to find an object with property ['id'] in path $ but found 'java.lang.Boolean'. This is not a json object according to the JsonProvider: 'com.jayway.jsonpath.spi.json.JsonSmartJsonProvider'.
at com.jayway.jsonpath.internal.path.PropertyPathToken.evaluate(PropertyPathToken.java:69)
at com.jayway.jsonpath.internal.path.RootPathToken.evaluate(RootPathToken.java:62)
at com.jayway.jsonpath.internal.path.CompiledPath.evaluate(CompiledPath.java:53)
at com.jayway.jsonpath.internal.path.CompiledPath.evaluate(CompiledPath.java:61)
at com.jayway.jsonpath.JsonPath.read(JsonPath.java:187)
at com.jayway.jsonpath.internal.JsonContext.read(JsonContext.java:164)
at com.jayway.jsonpath.internal.JsonContext.read(JsonContext.java:147)
at com.jayway.jsonpath.JsonPath.read(JsonPath.java:502)
at dummy.restapi.test.EmployeeApi.createArrayRequestBody(EmployeeApi.java:113)
... Removed 25 stack frames]]>
    </failure>
  </testcase> <!-- createArrayRequestBody -->
  <testcase name="createJsonArrayRequestBody" time="0.006" classname="dummy.restapi.test.EmployeeApi"/>
  <testcase name="patchJsonTest" time="0.194" classname="dummy.restapi.test.EmployeeApi"/>
  <testcase name="createEmployees" time="2.289" classname="dummy.restapi.test.EmployeeApi2"/>
  <testcase name="createArrayRequestBody" time="1.586" classname="dummy.restapi.test.EmployeeApi2">
    <failure type="com.jayway.jsonpath.PathNotFoundException" message="Expected to find an object with property [&amp;apos;id&amp;apos;] in path $ but found &amp;apos;java.lang.Boolean&amp;apos;. This is not a json object according to the JsonProvider: &amp;apos;com.jayway.jsonpath.spi.json.JsonSmartJsonProvider&amp;apos;.">
      <![CDATA[com.jayway.jsonpath.PathNotFoundException: Expected to find an object with property ['id'] in path $ but found 'java.lang.Boolean'. This is not a json object according to the JsonProvider: 'com.jayway.jsonpath.spi.json.JsonSmartJsonProvider'.
at com.jayway.jsonpath.internal.path.PropertyPathToken.evaluate(PropertyPathToken.java:69)
at com.jayway.jsonpath.internal.path.RootPathToken.evaluate(RootPathToken.java:62)
at com.jayway.jsonpath.internal.path.CompiledPath.evaluate(CompiledPath.java:53)
at com.jayway.jsonpath.internal.path.CompiledPath.evaluate(CompiledPath.java:61)
at com.jayway.jsonpath.JsonPath.read(JsonPath.java:187)
at com.jayway.jsonpath.internal.JsonContext.read(JsonContext.java:164)
at com.jayway.jsonpath.internal.JsonContext.read(JsonContext.java:147)
at com.jayway.jsonpath.JsonPath.read(JsonPath.java:502)
at dummy.restapi.test.EmployeeApi2.createArrayRequestBody(EmployeeApi2.java:113)
... Removed 25 stack frames]]>
    </failure>
  </testcase> <!-- createArrayRequestBody -->
  <testcase name="createJsonArrayRequestBody" time="0.008" classname="dummy.restapi.test.EmployeeApi2"/>
  <testcase name="patchJsonTest" time="0.004" classname="dummy.restapi.test.EmployeeApi2"/>
  <testcase name="@AfterSuite EndSuite" time="0.0" classname="aut.framework.common.BaseAPITest">
    <ignored/>
  </testcase> <!-- @AfterSuite EndSuite -->
  <testcase name="@BeforeSuite StartSuite" time="0.0" classname="aut.framework.common.BaseAPITest">
    <ignored/>
  </testcase> <!-- @BeforeSuite StartSuite -->
</testsuite> <!-- ApiTests -->
