<?xml version="1.0" encoding="UTF-8"?>
<testng-results ignored="0" total="1" passed="1" failed="0" skipped="0">
  <reporter-output>
  </reporter-output>
  <suite started-at="2018-10-14T14:52:15Z" name="Suite" finished-at="2018-10-14T14:52:15Z" duration-ms="146">
    <groups>
    </groups>
    <test started-at="2018-10-14T14:52:15Z" name="Test" finished-at="2018-10-14T14:52:15Z" duration-ms="146">
      <class name="demo.api.test.parameterizedTest">
        <test-method is-config="true" signature="InitialSetup()[pri:0, instance:demo.api.test.parameterizedTest@37858383]" started-at="2018-10-14T14:52:15Z" name="InitialSetup" finished-at="2018-10-14T14:52:15Z" duration-ms="115" status="PASS">
          <reporter-output>
          </reporter-output>
        </test-method> <!-- InitialSetup -->
        <test-method signature="ApiPostRequest(java.lang.String, java.lang.String)[pri:0, instance:demo.api.test.parameterizedTest@37858383]" started-at="2018-10-14T14:52:15Z" name="ApiPostRequest" finished-at="2018-10-14T14:52:15Z" duration-ms="12" status="PASS">
          <params>
            <param index="0">
              <value>
                <![CDATA[http://dummy.restapiexample.com/api/v1/]]>
              </value>
            </param>
            <param index="1">
              <value>
                <![CDATA[/employees]]>
              </value>
            </param>
          </params>
          <reporter-output>
          </reporter-output>
        </test-method> <!-- ApiPostRequest -->
        <test-method is-config="true" signature="Closure()[pri:0, instance:demo.api.test.parameterizedTest@37858383]" started-at="2018-10-14T14:52:15Z" name="Closure" finished-at="2018-10-14T14:52:15Z" duration-ms="1" status="PASS">
          <reporter-output>
          </reporter-output>
        </test-method> <!-- Closure -->
      </class> <!-- demo.api.test.parameterizedTest -->
    </test> <!-- Test -->
  </suite> <!-- Suite -->
</testng-results>
