<?xml version="1.0" encoding="UTF-8"?>
<!-- Generated by org.testng.reporters.JUnitXMLReporter -->
<testsuite hostname="SM-Corporation" ignored="0" name="EmployeeApiTests" tests="3" failures="0" timestamp="27 Oct 2018 18:08:22 GMT" time="4.222" errors="0">
  <testcase name="createEmployees" time="4.032" classname="dummy.restapi.test.EmployeeApiTests"/>
  <testcase name="createArrayRequestBody" time="0.011" classname="dummy.restapi.test.EmployeeApiTests"/>
  <testcase name="createJsonArrayRequestBody" time="0.005" classname="dummy.restapi.test.EmployeeApiTests"/>
</testsuite> <!-- EmployeeApiTests -->
