<?xml version="1.0" encoding="UTF-8"?>
<!-- Generated by org.testng.reporters.JUnitXMLReporter -->
<testsuite hostname="SM-Corporation" ignored="1" name="EmployeeApiTests" tests="3" failures="0" timestamp="28 Oct 2018 08:14:08 GMT" time="4.212" errors="0">
  <testcase name="createEmployees" time="4.049" classname="dummy.restapi.test.EmployeeApiTests"/>
  <testcase name="createArrayRequestBody" time="0.006" classname="dummy.restapi.test.EmployeeApiTests"/>
  <testcase name="createJsonArrayRequestBody" time="0.003" classname="dummy.restapi.test.EmployeeApiTests"/>
  <testcase name="patchJsonTest" time="0.0" classname="dummy.restapi.test.EmployeeApiTests">
    <ignored/>
  </testcase> <!-- patchJsonTest -->
</testsuite> <!-- EmployeeApiTests -->
